Flow report for MIPS32_in_VHDL
Sat Dec 30 12:01:39 2023
Quartus Prime Version 20.1.0 Build 711 06/05/2020 SJ Lite Edition


---------------------
; Table of Contents ;
---------------------
  1. Legal Notice
  2. Flow Summary
  3. Flow Settings
  4. Flow Non-Default Global Settings
  5. Flow Elapsed Time
  6. Flow OS Summary
  7. Flow Log
  8. Flow Messages
  9. Flow Suppressed Messages



----------------
; Legal Notice ;
----------------
Copyright (C) 2020  Intel Corporation. All rights reserved.
Your use of Intel Corporation's design tools, logic functions 
and other software and tools, and any partner logic 
functions, and any output files from any of the foregoing 
(including device programming or simulation files), and any 
associated documentation or information are expressly subject 
to the terms and conditions of the Intel Program License 
Subscription Agreement, the Intel Quartus Prime License Agreement,
the Intel FPGA IP License Agreement, or other applicable license
agreement, including, without limitation, that your use is for
the sole purpose of programming logic devices manufactured by
Intel and sold by Intel or its authorized distributors.  Please
refer to the applicable agreement for further details, at
https://fpgasoftware.intel.com/eula.



+-------------------------------------------------------------------------------+
; Flow Summary                                                                  ;
+---------------------------------+---------------------------------------------+
; Flow Status                     ; Successful - Sat Dec 30 12:01:39 2023       ;
; Quartus Prime Version           ; 20.1.0 Build 711 06/05/2020 SJ Lite Edition ;
; Revision Name                   ; MIPS32_in_VHDL                              ;
; Top-level Entity Name           ; ALU_block_diagram                           ;
; Family                          ; Cyclone V                                   ;
; Device                          ; 5CGXFC7C7F23C8                              ;
; Timing Models                   ; Final                                       ;
; Logic utilization (in ALMs)     ; 89 / 56,480 ( < 1 % )                       ;
; Total registers                 ; 0                                           ;
; Total pins                      ; 156 / 268 ( 58 % )                          ;
; Total virtual pins              ; 0                                           ;
; Total block memory bits         ; 0 / 7,024,640 ( 0 % )                       ;
; Total DSP Blocks                ; 0 / 156 ( 0 % )                             ;
; Total HSSI RX PCSs              ; 0 / 6 ( 0 % )                               ;
; Total HSSI PMA RX Deserializers ; 0 / 6 ( 0 % )                               ;
; Total HSSI TX PCSs              ; 0 / 6 ( 0 % )                               ;
; Total HSSI PMA TX Serializers   ; 0 / 6 ( 0 % )                               ;
; Total PLLs                      ; 0 / 13 ( 0 % )                              ;
; Total DLLs                      ; 0 / 4 ( 0 % )                               ;
+---------------------------------+---------------------------------------------+


+-----------------------------------------+
; Flow Settings                           ;
+-------------------+---------------------+
; Option            ; Setting             ;
+-------------------+---------------------+
; Start date & time ; 12/30/2023 12:00:42 ;
; Main task         ; Compilation         ;
; Revision Name     ; MIPS32_in_VHDL      ;
+-------------------+---------------------+


+-------------------------------------------------------------------------------------------------------------------------------------------------------+
; Flow Non-Default Global Settings                                                                                                                      ;
+-------------------------------------+----------------------------------------+----------------+-------------------+-----------------------------------+
; Assignment Name                     ; Value                                  ; Default Value  ; Entity Name       ; Section Id                        ;
+-------------------------------------+----------------------------------------+----------------+-------------------+-----------------------------------+
; COMPILER_SIGNATURE_ID               ; 123719803573725.170393044219045        ; --             ; --                ; --                                ;
; EDA_GENERATE_FUNCTIONAL_NETLIST     ; Off                                    ; --             ; --                ; eda_board_design_timing           ;
; EDA_GENERATE_FUNCTIONAL_NETLIST     ; Off                                    ; --             ; --                ; eda_board_design_boundary_scan    ;
; EDA_GENERATE_FUNCTIONAL_NETLIST     ; Off                                    ; --             ; --                ; eda_board_design_signal_integrity ;
; EDA_GENERATE_FUNCTIONAL_NETLIST     ; Off                                    ; --             ; --                ; eda_board_design_symbol           ;
; EDA_OUTPUT_DATA_FORMAT              ; Verilog Hdl                            ; --             ; --                ; eda_simulation                    ;
; EDA_SIMULATION_TOOL                 ; ModelSim-Altera (Verilog)              ; <None>         ; --                ; --                                ;
; EDA_TIME_SCALE                      ; 1 ps                                   ; --             ; --                ; eda_simulation                    ;
; MAX_CORE_JUNCTION_TEMP              ; 85                                     ; --             ; --                ; --                                ;
; MIN_CORE_JUNCTION_TEMP              ; 0                                      ; --             ; --                ; --                                ;
; PARTITION_COLOR                     ; -- (Not supported for targeted family) ; --             ; ALU_block_diagram ; Top                               ;
; PARTITION_FITTER_PRESERVATION_LEVEL ; -- (Not supported for targeted family) ; --             ; ALU_block_diagram ; Top                               ;
; PARTITION_NETLIST_TYPE              ; -- (Not supported for targeted family) ; --             ; ALU_block_diagram ; Top                               ;
; PROJECT_OUTPUT_DIRECTORY            ; output_files                           ; --             ; --                ; --                                ;
; TOP_LEVEL_ENTITY                    ; ALU_block_diagram                      ; MIPS32_in_VHDL ; --                ; --                                ;
+-------------------------------------+----------------------------------------+----------------+-------------------+-----------------------------------+


+--------------------------------------------------------------------------------------------------------------------------+
; Flow Elapsed Time                                                                                                        ;
+----------------------+--------------+-------------------------+---------------------+------------------------------------+
; Module Name          ; Elapsed Time ; Average Processors Used ; Peak Virtual Memory ; Total CPU Time (on all processors) ;
+----------------------+--------------+-------------------------+---------------------+------------------------------------+
; Analysis & Synthesis ; 00:00:07     ; 1.0                     ; 493 MB              ; 00:00:18                           ;
; Fitter               ; 00:00:33     ; 1.1                     ; 2412 MB             ; 00:01:19                           ;
; Assembler            ; 00:00:07     ; 1.0                     ; 499 MB              ; 00:00:07                           ;
; Timing Analyzer      ; 00:00:05     ; 1.3                     ; 987 MB              ; 00:00:06                           ;
; EDA Netlist Writer   ; 00:00:01     ; 1.0                     ; 679 MB              ; 00:00:01                           ;
; Total                ; 00:00:53     ; --                      ; --                  ; 00:01:51                           ;
+----------------------+--------------+-------------------------+---------------------+------------------------------------+


+--------------------------------------------------------------------------------------------------+
; Flow OS Summary                                                                                  ;
+----------------------+-----------------------+---------------------+------------+----------------+
; Module Name          ; Machine Hostname      ; OS Name             ; OS Version ; Processor type ;
+----------------------+-----------------------+---------------------+------------+----------------+
; Analysis & Synthesis ; localhost.localdomain ; openSUSE Tumbleweed ; 20231206   ; x86_64         ;
; Fitter               ; localhost.localdomain ; openSUSE Tumbleweed ; 20231206   ; x86_64         ;
; Assembler            ; localhost.localdomain ; openSUSE Tumbleweed ; 20231206   ; x86_64         ;
; Timing Analyzer      ; localhost.localdomain ; openSUSE Tumbleweed ; 20231206   ; x86_64         ;
; EDA Netlist Writer   ; localhost.localdomain ; openSUSE Tumbleweed ; 20231206   ; x86_64         ;
+----------------------+-----------------------+---------------------+------------+----------------+


------------
; Flow Log ;
------------
quartus_map --read_settings_files=on --write_settings_files=off MIPS32_in_VHDL -c MIPS32_in_VHDL
quartus_fit --read_settings_files=off --write_settings_files=off MIPS32_in_VHDL -c MIPS32_in_VHDL
quartus_asm --read_settings_files=off --write_settings_files=off MIPS32_in_VHDL -c MIPS32_in_VHDL
quartus_sta MIPS32_in_VHDL -c MIPS32_in_VHDL
quartus_eda --read_settings_files=off --write_settings_files=off MIPS32_in_VHDL -c MIPS32_in_VHDL



